Log file open, 10/22/20 16:27:51
LogWindows: Failed to load 'aqProf.dll' (GetLastError=126)
LogWindows: File 'aqProf.dll' does not exist
LogWindows: Failed to load 'VSPerf140.dll' (GetLastError=126)
LogWindows: File 'VSPerf140.dll' does not exist
LogWindows: Failed to load 'VtuneApi.dll' (GetLastError=126)
LogWindows: File 'VtuneApi.dll' does not exist
LogWindows: Failed to load 'VtuneApi32e.dll' (GetLastError=126)
LogWindows: File 'VtuneApi32e.dll' does not exist
LogInit: Display: Running engine for game: MazeGame_AdamCichy
LogPlatformFile: Not using cached read wrapper
LogTaskGraph: Started task graph with 5 named threads and 14 total threads with 3 sets of task threads.
LogStats: Stats thread started at 0.199176
LogD3D11RHI: Loaded GFSDK_Aftermath_Lib.x64.dll
LogICUInternationalization: Display: ICU TimeZone Detection - Raw Offset: +1:00, Platform Override: ''
LogPluginManager: Mounting plugin Paper2D
LogPluginManager: Mounting plugin AISupport
LogPluginManager: Mounting plugin LightPropagationVolume
LogPluginManager: Mounting plugin CLionSourceCodeAccess
LogPluginManager: Mounting plugin CodeLiteSourceCodeAccess
LogPluginManager: Mounting plugin GitSourceControl
LogPluginManager: Mounting plugin KDevelopSourceCodeAccess
LogPluginManager: Mounting plugin NullSourceCodeAccess
LogPluginManager: Mounting plugin PerforceSourceControl
LogPluginManager: Mounting plugin SubversionSourceControl
LogPluginManager: Mounting plugin UObjectPlugin
LogPluginManager: Mounting plugin VisualStudioCodeSourceCodeAccess
LogPluginManager: Mounting plugin VisualStudioSourceCodeAccess
LogPluginManager: Mounting plugin XCodeSourceCodeAccess
LogPluginManager: Mounting plugin AssetManagerEditor
LogPluginManager: Mounting plugin CryptoKeys
LogPluginManager: Mounting plugin DataValidation
LogPluginManager: Mounting plugin FacialAnimation
LogPluginManager: Mounting plugin GameplayTagsEditor
LogPluginManager: Mounting plugin MacGraphicsSwitching
LogPluginManager: Mounting plugin MeshEditor
LogPluginManager: Mounting plugin MobileLauncherProfileWizard
LogPluginManager: Mounting plugin PluginBrowser
LogPluginManager: Mounting plugin SpeedTreeImporter
LogPluginManager: Mounting plugin DatasmithContent
LogPluginManager: Mounting plugin AlembicImporter
LogPluginManager: Mounting plugin AppleImageUtils
LogPluginManager: Mounting plugin AppleVision
LogPluginManager: Mounting plugin BackChannel
LogPluginManager: Mounting plugin CharacterAI
LogPluginManager: Mounting plugin GeometryCache
LogPluginManager: Mounting plugin HTML5Networking
LogPluginManager: Mounting plugin ProxyLODPlugin
LogPluginManager: Mounting plugin MagicLeap
LogPluginManager: Mounting plugin MagicLeapEmulator
LogPluginManager: Mounting plugin MagicLeapMedia
LogPluginManager: Mounting plugin AndroidMedia
LogPluginManager: Mounting plugin AvfMedia
LogPluginManager: Mounting plugin ImgMedia
LogPluginManager: Mounting plugin LinearTimecode
LogPluginManager: Mounting plugin MediaCompositing
LogPluginManager: Mounting plugin MediaPlayerEditor
LogPluginManager: Mounting plugin WmfMedia
LogPluginManager: Mounting plugin TcpMessaging
LogPluginManager: Mounting plugin UdpMessaging
LogPluginManager: Mounting plugin ActorSequence
LogPluginManager: Mounting plugin LevelSequenceEditor
LogPluginManager: Mounting plugin MatineeToLevelSequence
LogPluginManager: Mounting plugin NetcodeUnitTest
LogPluginManager: Mounting plugin NUTUnrealEngine4
LogPluginManager: Mounting plugin OnlineSubsystemGooglePlay
LogPluginManager: Mounting plugin OnlineSubsystemIOS
LogPluginManager: Mounting plugin OnlineSubsystem
LogPluginManager: Mounting plugin OnlineSubsystemNull
LogPluginManager: Mounting plugin OnlineSubsystemUtils
LogPluginManager: Mounting plugin LauncherChunkInstaller
LogPluginManager: Mounting plugin AndroidDeviceProfileSelector
LogPluginManager: Mounting plugin AndroidMoviePlayer
LogPluginManager: Mounting plugin AndroidPermission
LogPluginManager: Mounting plugin AppleMoviePlayer
LogPluginManager: Mounting plugin ArchVisCharacter
LogPluginManager: Mounting plugin AudioCapture
LogPluginManager: Mounting plugin CableComponent
LogPluginManager: Mounting plugin CustomMeshComponent
LogPluginManager: Mounting plugin EditableMesh
LogPluginManager: Mounting plugin ExampleDeviceProfileSelector
LogPluginManager: Mounting plugin GoogleCloudMessaging
LogPluginManager: Mounting plugin ImmediatePhysics
LogPluginManager: Mounting plugin IOSDeviceProfileSelector
LogPluginManager: Mounting plugin LinuxDeviceProfileSelector
LogPluginManager: Mounting plugin LocationServicesBPLibrary
LogPluginManager: Mounting plugin MobilePatchingUtils
LogPluginManager: Mounting plugin OculusVR
LogPluginManager: Plugin shader directory ../../../Engine/Plugins/Runtime/Oculus/OculusVR/Shaders found
LogPluginManager: Mapping shader source directory ../../../Engine/Plugins/Runtime/Oculus/OculusVR/Shaders to virtual directory /Plugin/OculusVR
LogPluginManager: Mounting plugin PhysXVehicles
LogPluginManager: Mounting plugin ProceduralMeshComponent
LogPluginManager: Mounting plugin RuntimePhysXCooking
LogPluginManager: Mounting plugin SteamVR
LogPluginManager: Mounting plugin WindowsMoviePlayer
LogStreaming: Display: Took  0.078s to configure plugins.
LogInit: Using libcurl 7.55.1-DEV
LogInit:  - built for x86_64-pc-win32
LogInit:  - supports SSL with OpenSSL/1.0.2h
LogInit:  - supports HTTP deflate (compression) using libz 1.2.8
LogInit:  - other features:
LogInit:      CURL_VERSION_SSL
LogInit:      CURL_VERSION_LIBZ
LogInit:      CURL_VERSION_IPV6
LogInit:      CURL_VERSION_ASYNCHDNS
LogInit:      CURL_VERSION_LARGEFILE
LogInit:      CURL_VERSION_IDN
LogInit:  CurlRequestOptions (configurable via config and command line):
LogInit:  - bVerifyPeer = false  - Libcurl will NOT verify peer certificate
LogInit:  - bUseHttpProxy = false  - Libcurl will NOT use HTTP proxy
LogInit:  - bDontReuseConnections = false  - Libcurl will reuse connections
LogInit:  - CertBundlePath = nullptr  - Libcurl will use whatever was configured at build time.
LogInit:  - MaxHostConnections = 16  - Libcurl will limit the number of connections to a host
LogInit:  - LocalHostAddr = Default
LogInit:  - BufferSize = 65536
LogInit: WinSock: version 1.1 (2.2), MaxSocks=32767, MaxUdp=65467
LogInit: Build: ++UE4+Release-4.20-CL-4369336
LogInit: Engine Version: 4.20.3-4369336+++UE4+Release-4.20
LogInit: Compatible Engine Version: 4.20.0-4212847+++UE4+Release-4.20
LogInit: Net CL: 4212847
LogInit: OS: Windows 10 (), CPU: Intel(R) Core(TM) i5-6400 CPU @ 2.70GHz, GPU: NVIDIA GeForce GTX 1050 Ti
LogInit: Compiled (64-bit): Sep 17 2018 12:26:19
LogInit: Compiled with Visual C++: 19.13.26129.00
LogInit: Build Configuration: Development
LogInit: Branch Name: ++UE4+Release-4.20
LogInit: Command Line: -EpicPortal  -epicusername="Gizd" -epicuserid=2361f7104f7040968681f2ece7f0605e -epiclocale=pl
LogInit: Base Directory: G:/Unreal/UE_4.20/Engine/Binaries/Win64/
LogInit: Installed Engine Build: 1
LogDevObjectVersion: Number of dev versions registered: 20
LogDevObjectVersion:   Dev-Blueprints (B0D832E4-1F89-4F0D-ACCF-7EB736FD4AA2): 10
LogDevObjectVersion:   Dev-Build (E1C64328-A22C-4D53-A36C-8E866417BD8C): 0
LogDevObjectVersion:   Dev-Core (375EC13C-06E4-48FB-B500-84F0262A717E): 2
LogDevObjectVersion:   Dev-Editor (E4B068ED-F494-42E9-A231-DA0B2E46BB41): 24
LogDevObjectVersion:   Dev-Framework (CFFC743F-43B0-4480-9391-14DF171D2073): 34
LogDevObjectVersion:   Dev-Mobile (B02B49B5-BB20-44E9-A304-32B752E40360): 2
LogDevObjectVersion:   Dev-Networking (A4E4105C-59A1-49B5-A7C5-40C4547EDFEE): 0
LogDevObjectVersion:   Dev-Online (39C831C9-5AE6-47DC-9A44-9C173E1C8E7C): 0
LogDevObjectVersion:   Dev-Physics (78F01B33-EBEA-4F98-B9B4-84EACCB95AA2): 0
LogDevObjectVersion:   Dev-Platform (6631380F-2D4D-43E0-8009-CF276956A95A): 0
LogDevObjectVersion:   Dev-Rendering (12F88B9F-8875-4AFC-A67C-D90C383ABD29): 26
LogDevObjectVersion:   Dev-Sequencer (7B5AE74C-D270-4C10-A958-57980B212A5A): 9
LogDevObjectVersion:   Dev-VR (D7296918-1DD6-4BDD-9DE2-64A83CC13884): 2
LogDevObjectVersion:   Dev-LoadTimes (C2A15278-BFE7-4AFE-6C17-90FF531DF755): 1
LogDevObjectVersion:   Private-Geometry (6EACA3D4-40EC-4CC1-B786-8BED09428FC5): 3
LogDevObjectVersion:   Dev-AnimPhys (29E575DD-E0A3-4627-9D10-D276232CDCEA): 17
LogDevObjectVersion:   Dev-ReflectionCapture (6B266CEC-1EC7-4B8F-A30B-E4D90942FC07): 1
LogDevObjectVersion:   Dev-Automation (0DF73D61-A23F-47EA-B727-89E90C41499A): 1
LogDevObjectVersion:   FortniteMain (601D1886-AC64-4F84-AA16-D3DE0DEAC7D6): 12
LogDevObjectVersion:   Dev-Enterprise (9DFFBCD6-494F-0158-E221-12823C92A888): 1
LogStreaming: Display: Took  0.000s to delete old logs.
LogInit: Presizing for max 8388607 objects, including 0 objects not considered by GC, pre-allocating 0 bytes for permanent pool.
LogInit: Object subsystem initialized
[2020.10.22-14.27.52:166][  0]LogInit: Selected Device Profile: [Windows]
[2020.10.22-14.27.52:167][  0]LogInit: Applying CVar settings loaded from the selected device profile: [Windows]
[2020.10.22-14.27.52:181][  0]LogHAL: Display: Platform has ~ 8 GB [8543318016 / 8589934592 / 8], which maps to Default [LargestMinGB=32, LargerMinGB=12, DefaultMinGB=8, SmallerMinGB=6, SmallestMinGB=0)
[2020.10.22-14.27.52:181][  0]LogInit: Setting Device Profile CVar: [[r.Vulkan.UseRealUBs:1]]
[2020.10.22-14.27.52:181][  0]LogInit: Going up to parent DeviceProfile []
[2020.10.22-14.27.52:181][  0]LogInit: Computer: DESKTOP-RD6NAOF
[2020.10.22-14.27.52:181][  0]LogInit: User: adminzdz
[2020.10.22-14.27.52:181][  0]LogInit: CPU Page size=4096, Cores=4
[2020.10.22-14.27.52:181][  0]LogInit: High frequency timer resolution =10.000000 MHz
[2020.10.22-14.27.52:181][  0]LogMemory: Memory total: Physical=8.0GB (8GB approx)
[2020.10.22-14.27.52:181][  0]LogMemory: Platform Memory Stats for Windows
[2020.10.22-14.27.52:182][  0]LogMemory: Process Physical Memory: 99.81 MB used, 99.82 MB peak
[2020.10.22-14.27.52:182][  0]LogMemory: Process Virtual Memory: 82.48 MB used, 82.48 MB peak
[2020.10.22-14.27.52:182][  0]LogMemory: Physical Memory: 5702.14 MB used,  2445.40 MB free, 8147.54 MB total
[2020.10.22-14.27.52:182][  0]LogMemory: Virtual Memory: 4607.07 MB used,  2445.40 MB free, 134217728.00 MB total
[2020.10.22-14.27.52:195][  0]LogInit: Using OS detected language (pl-PL).
[2020.10.22-14.27.52:195][  0]LogInit: Using OS detected locale (pl-PL).
[2020.10.22-14.27.52:196][  0]LogTextLocalizationManager: No specific localization for 'pl-PL' exists, so the 'pl' localization will be used.
[2020.10.22-14.27.52:197][  0]LogStreaming: Display: Took  0.002s to InitEngineTextLocalization.
[2020.10.22-14.27.52:198][  0]LogInit: Setting process to per monitor DPI aware
[2020.10.22-14.27.52:226][  0]LogSlate: New Slate User Created.  User Index 0, Is Virtual User: 0
[2020.10.22-14.27.52:226][  0]LogSlate: Slate User Registered.  User Index 0, Is Virtual User: 0
[2020.10.22-14.27.52:402][  0]LogHMD: Failed to initialize OpenVR with code 110
[2020.10.22-14.27.52:402][  0]LogD3D11RHI: D3D11 adapters:
[2020.10.22-14.27.52:465][  0]LogD3D11RHI:    0. 'NVIDIA GeForce GTX 1050 Ti' (Feature Level 11_0)
[2020.10.22-14.27.52:465][  0]LogD3D11RHI:       4018/0/4073 MB DedicatedVideo/DedicatedSystem/SharedSystem, Outputs:1, VendorId:0x10de
[2020.10.22-14.27.52:468][  0]LogD3D11RHI:    1. 'Microsoft Basic Render Driver' (Feature Level 11_0)
[2020.10.22-14.27.52:468][  0]LogD3D11RHI:       0/0/4073 MB DedicatedVideo/DedicatedSystem/SharedSystem, Outputs:0, VendorId:0x1414
[2020.10.22-14.27.52:468][  0]LogD3D11RHI: Chosen D3D11 Adapter: 0
[2020.10.22-14.27.52:475][  0]LogD3D11RHI: Creating new Direct3DDevice
[2020.10.22-14.27.52:475][  0]LogD3D11RHI:     GPU DeviceId: 0x1c82 (for the marketing name, search the web for "GPU Device Id")
[2020.10.22-14.27.52:475][  0]LogWindows: EnumDisplayDevices:
[2020.10.22-14.27.52:475][  0]LogWindows:    0. 'NVIDIA GeForce GTX 1050 Ti' (P:1 D:1)
[2020.10.22-14.27.52:476][  0]LogWindows:    1. 'NVIDIA GeForce GTX 1050 Ti' (P:0 D:0)
[2020.10.22-14.27.52:476][  0]LogWindows:    2. 'NVIDIA GeForce GTX 1050 Ti' (P:0 D:0)
[2020.10.22-14.27.52:476][  0]LogWindows:    3. 'NVIDIA GeForce GTX 1050 Ti' (P:0 D:0)
[2020.10.22-14.27.52:477][  0]LogWindows: DebugString: FoundDriverCount:4 
[2020.10.22-14.27.52:477][  0]LogD3D11RHI:     Adapter Name: NVIDIA GeForce GTX 1050 Ti
[2020.10.22-14.27.52:477][  0]LogD3D11RHI:   Driver Version: 432.00 (internal:26.21.14.3200, unified:432.00)
[2020.10.22-14.27.52:477][  0]LogD3D11RHI:      Driver Date: 7-24-2019
[2020.10.22-14.27.52:477][  0]LogRHI: Texture pool is 2812 MB (70% of 4018 MB)
[2020.10.22-14.27.52:524][  0]LogD3D11RHI: Async texture creation enabled
[2020.10.22-14.27.52:537][  0]LogD3D11RHI: GPU Timing Frequency: 1000.000000 (Debug: 2 1)
[2020.10.22-14.27.52:587][  0]LogShaderCompilers: Guid format shader working directory is -3 characters bigger than the processId version (../../../../../MazeGame/MazeGame/MazeGame_AdamCichy/Intermediate/Shaders/WorkingDirectory/12876/).
[2020.10.22-14.27.52:587][  0]LogShaderCompilers: Cleaned the shader compiler working directory 'C:/Users/adminzdz/AppData/Local/Temp/UnrealShaderWorkingDir/AEAE6D464C136DD3C3B8BCBB0DCF2516/'.
[2020.10.22-14.27.52:881][  0]LogTemp: Display: Loaded TP AllDesktopTargetPlatform
[2020.10.22-14.27.52:896][  0]LogTemp: Display: Loaded TP MacClientTargetPlatform
[2020.10.22-14.27.52:910][  0]LogTemp: Display: Loaded TP MacNoEditorTargetPlatform
[2020.10.22-14.27.52:925][  0]LogTemp: Display: Loaded TP MacServerTargetPlatform
[2020.10.22-14.27.52:940][  0]LogTemp: Display: Loaded TP MacTargetPlatform
[2020.10.22-14.27.52:955][  0]LogTemp: Display: Loaded TP WindowsClientTargetPlatform
[2020.10.22-14.27.52:970][  0]LogTemp: Display: Loaded TP WindowsNoEditorTargetPlatform
[2020.10.22-14.27.52:985][  0]LogTemp: Display: Loaded TP WindowsServerTargetPlatform
[2020.10.22-14.27.52:991][  0]LogTemp: Display: Loaded TP WindowsTargetPlatform
[2020.10.22-14.27.53:082][  0]LogTemp: Display: Loaded TP AndroidTargetPlatform
[2020.10.22-14.27.53:082][  0]LogTemp: Display: Loaded TP AndroidTargetPlatform
[2020.10.22-14.27.53:083][  0]LogTemp: Display: Loaded TP AndroidTargetPlatform
[2020.10.22-14.27.53:083][  0]LogTemp: Display: Loaded TP AndroidTargetPlatform
[2020.10.22-14.27.53:083][  0]LogTemp: Display: Loaded TP AndroidTargetPlatform
[2020.10.22-14.27.53:083][  0]LogTemp: Display: Loaded TP AndroidTargetPlatform
[2020.10.22-14.27.53:083][  0]LogTemp: Display: Loaded TP AndroidTargetPlatform
[2020.10.22-14.27.53:083][  0]LogTemp: Display: Loaded TP AndroidTargetPlatform
[2020.10.22-14.27.53:083][  0]LogTemp: Display: Loaded TP AndroidTargetPlatform
[2020.10.22-14.27.53:083][  0]LogTemp: Display: Loaded TP AndroidTargetPlatform
[2020.10.22-14.27.53:083][  0]LogTemp: Display: Loaded TP AndroidTargetPlatform
[2020.10.22-14.27.53:083][  0]LogTemp: Display: Loaded TP AndroidTargetPlatform
[2020.10.22-14.27.53:083][  0]LogTemp: Display: Loaded TP AndroidTargetPlatform
[2020.10.22-14.27.53:083][  0]LogTemp: Display: Loaded TP AndroidTargetPlatform
[2020.10.22-14.27.53:083][  0]LogTemp: Display: Loaded TP AndroidTargetPlatform
[2020.10.22-14.27.53:083][  0]LogTemp: Display: Loaded TP AndroidTargetPlatform
[2020.10.22-14.27.53:083][  0]LogTemp: Display: Loaded TP AndroidTargetPlatform
[2020.10.22-14.27.53:083][  0]LogTemp: Display: Loaded TP AndroidTargetPlatform
[2020.10.22-14.27.53:084][  0]LogTemp: Display: Loaded TP HTML5TargetPlatform
[2020.10.22-14.27.53:148][  0]LogTemp: Display: Loaded TP IOSTargetPlatform
[2020.10.22-14.27.53:148][  0]LogTemp: Display: Loaded TP IOSTargetPlatform
[2020.10.22-14.27.53:173][  0]LogTemp: Display: Loaded TP TVOSTargetPlatform
[2020.10.22-14.27.53:173][  0]LogTemp: Display: Loaded TP TVOSTargetPlatform
[2020.10.22-14.27.53:186][  0]LogTemp: Display: Loaded TP LinuxClientTargetPlatform
[2020.10.22-14.27.53:198][  0]LogTemp: Display: Loaded TP LinuxNoEditorTargetPlatform
[2020.10.22-14.27.53:212][  0]LogTemp: Display: Loaded TP LinuxServerTargetPlatform
[2020.10.22-14.27.53:227][  0]LogTemp: Display: Loaded TP LinuxTargetPlatform
[2020.10.22-14.27.53:237][  0]LogTemp: Display: Loaded TP LuminTargetPlatform
[2020.10.22-14.27.53:237][  0]LogTargetPlatformManager: Display: Building Assets For Windows
[2020.10.22-14.27.53:298][  0]LogXGEController: Cannot use XGE Controller as Incredibuild is not installed on this machine.
[2020.10.22-14.27.53:298][  0]LogShaderCompilers: Cannot use XGE Shader Compiler as Incredibuild is not installed on this machine.
[2020.10.22-14.27.53:298][  0]LogShaderCompilers: Display: Using Local Shader Compiler.
[2020.10.22-14.27.54:115][  0]LogDerivedDataCache: Display: Max Cache Size: 512 MB
[2020.10.22-14.27.54:174][  0]LogDerivedDataCache: Loaded boot cache 0.06s 71MB C:/Users/adminzdz/AppData/Local/UnrealEngine/4.20/DerivedDataCache/Boot.ddc.
[2020.10.22-14.27.54:175][  0]LogDerivedDataCache: Display: Loaded Boot cache: C:/Users/adminzdz/AppData/Local/UnrealEngine/4.20/DerivedDataCache/Boot.ddc
[2020.10.22-14.27.54:175][  0]LogDerivedDataCache: FDerivedDataBackendGraph:  Pak pak cache file ../../../../../MazeGame/MazeGame/MazeGame_AdamCichy/DerivedDataCache/DDC.ddp not found, will not use a pak cache.
[2020.10.22-14.27.54:175][  0]LogDerivedDataCache: Unable to find inner node Pak for hierarchical cache Hierarchy.
[2020.10.22-14.27.54:175][  0]LogDerivedDataCache: FDerivedDataBackendGraph:  CompressedPak pak cache file ../../../../../MazeGame/MazeGame/MazeGame_AdamCichy/DerivedDataCache/Compressed.ddp not found, will not use a pak cache.
[2020.10.22-14.27.54:175][  0]LogDerivedDataCache: Unable to find inner node CompressedPak for hierarchical cache Hierarchy.
[2020.10.22-14.27.54:192][  0]LogDerivedDataCache: Display: Pak cache opened for reading ../../../Engine/DerivedDataCache/Compressed.ddp.
[2020.10.22-14.27.54:205][  0]LogDerivedDataCache: Using Local data cache path C:/Users/adminzdz/AppData/Local/UnrealEngine/Common/DerivedDataCache: Writable
[2020.10.22-14.27.54:205][  0]LogDerivedDataCache: Shared data cache path not found in *engine.ini, will not use an Shared cache.
[2020.10.22-14.27.54:205][  0]LogDerivedDataCache: Unable to find inner node Shared for hierarchical cache Hierarchy.
[2020.10.22-14.27.54:226][  0]LogMaterial: Verifying Global Shaders for PCD3D_SM5
[2020.10.22-14.27.54:228][  0]LogSlate: Using FreeType 2.6.0
[2020.10.22-14.27.54:228][  0]LogSlate: SlateFontServices - WITH_FREETYPE: 1, WITH_HARFBUZZ: 1
[2020.10.22-14.27.54:304][  0]LogAssetRegistry: FAssetRegistry took 0.0272 seconds to start up
[2020.10.22-14.27.54:636][  0]LogInit: Selected Device Profile: [Windows]
[2020.10.22-14.27.54:774][  0]LogSimplygon: Simplygon DLL not present - disabling.
[2020.10.22-14.27.54:777][  0]LogMeshReduction: Using SimplygonSwarm for distributed automatic mesh merging
[2020.10.22-14.27.54:777][  0]LogMeshReduction: Using ProxyLODMeshReduction for automatic mesh merging
[2020.10.22-14.27.54:777][  0]LogMeshReduction: Using QuadricMeshReduction for automatic static mesh reduction
[2020.10.22-14.27.54:777][  0]LogMeshReduction: No automatic skeletal mesh reduction module available
[2020.10.22-14.27.54:794][  0]LogNetVersion: MazeGame_AdamCichy 1.0.0, NetCL: 4212847, EngineNetVer: 5, GameNetVer: 0 (Checksum: 1560397510)
[2020.10.22-14.27.55:339][  0]LogPackageLocalizationCache: Processed 11 localized package path(s) for 2 prioritized culture(s) in 0.084286 seconds
[2020.10.22-14.27.55:345][  0]LogUObjectArray: 38425 objects as part of root set at end of initial load.
[2020.10.22-14.27.55:345][  0]LogUObjectAllocator: 6690864 out of 0 bytes used by permanent object pool.
[2020.10.22-14.27.55:345][  0]LogUObjectArray: CloseDisregardForGC: 0/0 objects in disregard for GC pool
[2020.10.22-14.27.56:204][  0]LogTcpMessaging: Initializing TcpMessaging bridge
[2020.10.22-14.27.56:218][  0]LogUdpMessaging: Initializing bridge on interface 0.0.0.0:0 to multicast group 230.0.0.1:6666.
[2020.10.22-14.27.56:360][  0]SourceControl: Source control is disabled
[2020.10.22-14.27.56:360][  0]SourceControl: Source control is disabled
[2020.10.22-14.27.56:362][  0]SourceControl: Source control is disabled
[2020.10.22-14.27.56:363][  0]SourceControl: Source control is disabled
[2020.10.22-14.27.56:515][  0]LogAndroidPermission: UAndroidPermissionCallbackProxy::GetInstance
[2020.10.22-14.27.56:641][  0]LogOcInput: OculusInput pre-init called
[2020.10.22-14.27.56:703][  0]LogEngine: Initializing Engine...
[2020.10.22-14.27.56:704][  0]LogHMD: Failed to initialize OpenVR with code 110
[2020.10.22-14.27.56:705][  0]LogStats: UGameplayTagsManager::ConstructGameplayTagTree: ImportINI prefixes -  0.000 s
[2020.10.22-14.27.56:705][  0]LogStats: UGameplayTagsManager::ConstructGameplayTagTree: Construct from data asset -  0.000 s
[2020.10.22-14.27.56:705][  0]LogStats: UGameplayTagsManager::ConstructGameplayTagTree: ImportINI -  0.000 s
[2020.10.22-14.27.56:705][  0]LogStats: UGameplayTagsManager::ConstructGameplayTagTree: GameplayTagTreeChangedEvent.Broadcast -  0.000 s
[2020.10.22-14.27.57:027][  0]LogInit: Initializing FReadOnlyCVARCache
[2020.10.22-14.27.57:039][  0]LogAIModule: Creating AISystem for world Untitled
[2020.10.22-14.27.57:083][  0]LogInit: XAudio2 using 'Głośniki (High Definition Audio Device)' : 2 channels at 48 kHz using 16 bits per sample (channel mask 0x3)
[2020.10.22-14.27.57:108][  0]LogInit: FAudioDevice initialized.
[2020.10.22-14.27.57:108][  0]LogNetVersion: Set ProjectVersion to 1.0.0.0. Version Checksum will be recalculated on next use.
[2020.10.22-14.27.57:257][  0]LogDerivedDataCache: Saved boot cache 0.15s 71MB C:/Users/adminzdz/AppData/Local/UnrealEngine/4.20/DerivedDataCache/Boot.ddc.
[2020.10.22-14.27.57:263][  0]LogInit: Texture streaming: Enabled
[2020.10.22-14.27.57:279][  0]LogEngineSessionManager: EngineSessionManager initialized
[2020.10.22-14.27.57:292][  0]LogInit: Transaction tracking system initialized
[2020.10.22-14.27.57:314][  0]BlueprintLog: New page: Editor Load
[2020.10.22-14.27.57:390][  0]LocalizationService: Localization service is disabled
[2020.10.22-14.27.57:625][  0]LogCook: Display: Max memory allowance for cook 16384mb min free memory 0mb
[2020.10.22-14.27.57:625][  0]LogCook: Display: Mobile HDR setting 1
[2020.10.22-14.27.57:625][  0]LogGameplayTags: Display: UGameplayTagsManager::DoneAddingNativeTags. DelegateIsBound: 0
[2020.10.22-14.27.57:625][  0]LogStats: UGameplayTagsManager::ConstructGameplayTagTree: ImportINI prefixes -  0.000 s
[2020.10.22-14.27.57:625][  0]LogStats: UGameplayTagsManager::ConstructGameplayTagTree: Construct from data asset -  0.000 s
[2020.10.22-14.27.57:625][  0]LogStats: UGameplayTagsManager::ConstructGameplayTagTree: ImportINI -  0.000 s
[2020.10.22-14.27.57:625][  0]LogStats: UGameplayTagsManager::ConstructGameplayTagTree: GameplayTagTreeChangedEvent.Broadcast -  0.000 s
[2020.10.22-14.27.57:733][  0]LogFileCache: Scanning file cache for directory 'G:/MazeGame/MazeGame/MazeGame_AdamCichy/Content/' took 0.01s
[2020.10.22-14.27.57:733][  0]SourceControl: Source control is disabled
[2020.10.22-14.27.57:733][  0]Cmd: MAP LOAD FILE="../../../../../MazeGame/MazeGame/MazeGame_AdamCichy/Content/StarterContent/Maps/Minimal_Default.umap" TEMPLATE=0 SHOWPROGRESS=1 FEATURELEVEL=3
[2020.10.22-14.27.57:734][  0]LightingResults: New page: Lighting Build
[2020.10.22-14.27.57:736][  0]MapCheck: New page: Map Check
[2020.10.22-14.27.57:736][  0]LightingResults: New page: Lighting Build
[2020.10.22-14.27.58:122][  0]LogAIModule: Creating AISystem for world Minimal_Default
[2020.10.22-14.27.58:138][  0]LogEditorServer: Finished looking for orphan Actors (0.000 secs)
[2020.10.22-14.27.58:162][  0]Cmd: MAP CHECKDEP NOCLEARLOG
[2020.10.22-14.27.58:210][  0]MapCheck: Map check complete: 0 Error(s), 0 Warning(s), took 48,79ms to complete.
[2020.10.22-14.27.58:211][  0]LogFileHelpers: Loading map 'Minimal_Default' took 0.478
[2020.10.22-14.27.58:303][  0]LogSlate: Updating window title bar state: overlay mode, drag disabled, window buttons hidden, title bar hidden
[2020.10.22-14.27.58:311][  0]LogSlate: Updating window title bar state: overlay mode, drag disabled, window buttons hidden, title bar hidden
[2020.10.22-14.27.58:320][  0]LogSlate: Updating window title bar state: overlay mode, drag disabled, window buttons hidden, title bar hidden
[2020.10.22-14.27.58:329][  0]LogSlate: Updating window title bar state: overlay mode, drag disabled, window buttons hidden, title bar hidden
[2020.10.22-14.27.58:335][  0]LogCollectionManager: Loaded 0 collections in 0.001640 seconds
[2020.10.22-14.27.58:376][  0]LogFileCache: Scanning file cache for directory 'G:/MazeGame/MazeGame/MazeGame_AdamCichy/Saved/Collections/' took 0.01s
[2020.10.22-14.27.58:376][  0]LogFileCache: Scanning file cache for directory 'G:/MazeGame/MazeGame/MazeGame_AdamCichy/Content/Developers/adminzdz/Collections/' took 0.01s
[2020.10.22-14.27.58:376][  0]LogFileCache: Scanning file cache for directory 'G:/MazeGame/MazeGame/MazeGame_AdamCichy/Content/Collections/' took 0.01s
[2020.10.22-14.27.58:376][  0]LogCollectionManager: Rebuilt the GUID cache for 0 collections in 0.000000 seconds
[2020.10.22-14.27.58:386][  0]LogContentBrowser: Native class hierarchy populated in 0.0098 seconds. Added 2572 classes and 603 folders.
[2020.10.22-14.27.58:392][  0]LogContentBrowser: Native class hierarchy updated for 'WidgetCarousel' in 0.0002 seconds. Added 0 classes and 0 folders.
[2020.10.22-14.27.58:428][  0]LogContentBrowser: Native class hierarchy updated for 'AddContentDialog' in 0.0002 seconds. Added 0 classes and 0 folders.
[2020.10.22-14.27.58:432][  0]LogContentBrowser: Native class hierarchy updated for 'SceneOutliner' in 0.0003 seconds. Added 1 classes and 2 folders.
[2020.10.22-14.27.58:458][  0]LogSlate: Took 0.000303 seconds to synchronously load lazily loaded font '../../../Engine/Content/Slate/Fonts/Roboto-Regular.ttf' (155K)
[2020.10.22-14.27.58:460][  0]LogSlate: Took 0.000147 seconds to synchronously load lazily loaded font '../../../Engine/Content/Slate/Fonts/Roboto-Bold.ttf' (160K)
[2020.10.22-14.27.58:465][  0]LogSlate: Took 0.000232 seconds to synchronously load lazily loaded font '../../../Engine/Content/Editor/Slate/Fonts/FontAwesome.ttf' (139K)
[2020.10.22-14.27.58:545][  0]LogRenderer: Reallocating scene render targets to support 964x436 Format 10 NumSamples 1 (Frame:1).
[2020.10.22-14.27.58:786][  0]LogContentBrowser: Native class hierarchy updated for 'HierarchicalLODOutliner' in 0.0002 seconds. Added 0 classes and 0 folders.
[2020.10.22-14.27.58:787][  0]LogLoad: (Engine Initialization) Total time: 7.91 seconds
[2020.10.22-14.27.58:787][  0]LogLoad: (Engine Initialization) Total Blueprint compile time: 0.00 seconds
[2020.10.22-14.27.58:817][  0]LogContentStreaming: Texture pool size now 1000 MB
[2020.10.22-14.27.58:831][  0]LogSlate: Took 0.000201 seconds to synchronously load lazily loaded font '../../../Engine/Content/Slate/Fonts/Roboto-Light.ttf' (167K)
[2020.10.22-14.27.58:847][  1]LogAssetRegistry: Asset discovery search completed in 4.5661 seconds
[2020.10.22-14.27.58:849][  1]LogCollectionManager: Rebuilt the object cache for 0 collections in 0.000000 seconds (found 0 objects)
[2020.10.22-14.27.58:849][  1]LogCollectionManager: Fixed up redirectors for 0 collections in 0.000062 seconds (updated 0 objects)
[2020.10.22-14.28.02:673][228]LogEditorViewport: Clicking on Actor (LMB): StaticMeshActor (Statue30)
[2020.10.22-14.28.06:510][445]LogSlate: FSceneViewport::OnFocusLost() reason 2
[2020.10.22-14.28.10:085][866]LogSlate: FSceneViewport::OnFocusLost() reason 2
[2020.10.22-14.28.12:410][ 63]LogWindows: Warning: CreateProc failed: Nie można odnaleźć określonego pliku. (0x00000002)
[2020.10.22-14.28.12:410][ 63]LogWindows: Warning: URL: C:/Program Files/Git/bin/git.exe version
[2020.10.22-14.28.12:411][ 63]LogWindows: Warning: CreateProc failed: Nie można odnaleźć określonego pliku. (0x00000002)
[2020.10.22-14.28.12:411][ 63]LogWindows: Warning: URL: C:/Program Files (x86)/Git/bin/git.exe version
[2020.10.22-14.28.12:411][ 63]LogWindows: Warning: CreateProc failed: Nie można odnaleźć określonego pliku. (0x00000002)
[2020.10.22-14.28.12:411][ 63]LogWindows: Warning: URL: C:\Users\adminzdz\AppData\Local/Programs/Git/cmd/git.exe version
[2020.10.22-14.28.12:411][ 63]LogWindows: Warning: CreateProc failed: Nie można odnaleźć określonego pliku. (0x00000002)
[2020.10.22-14.28.12:411][ 63]LogWindows: Warning: URL: C:/Program Files (x86)/SmartGit/git/bin/git.exe version
[2020.10.22-14.28.12:411][ 63]LogWindows: Warning: CreateProc failed: Nie można odnaleźć określonego pliku. (0x00000002)
[2020.10.22-14.28.12:411][ 63]LogWindows: Warning: URL: C:/Program Files (x86)/SmartGit/bin/git.exe version
[2020.10.22-14.28.46:116][992]LogSlate: Window 'Source Control Login' being destroyed
